<?xml version="1.0" encoding="UTF-8"?>
<!-- Generated by org.testng.reporters.JUnitXMLReporter -->
<testsuite hostname="LAPTOP-1I2596E2" name="Chromebrowser" tests="5" failures="0" timestamp="18 Jun 2020 05:03:11 GMT" time="81.881" errors="0">
  <testcase name="verifylogin" time="6.89" classname="june18.Using_crossbrowser"/>
  <testcase name="verifylogin" time="5.661" classname="june18.Using_crossbrowser"/>
  <testcase name="verifylogin" time="6.732" classname="june18.Using_crossbrowser"/>
  <testcase name="verifylogin" time="6.231" classname="june18.Using_crossbrowser"/>
  <testcase name="verifylogin" time="5.85" classname="june18.Using_crossbrowser"/>
</testsuite> <!-- Chromebrowser -->
