<?xml version="1.0" encoding="UTF-8"?>
<!-- Generated by org.testng.reporters.JUnitXMLReporter -->
<testsuite hostname="LAPTOP-1I2596E2" name="firefoxbrowser" tests="5" failures="0" timestamp="18 Jun 2020 05:04:44 GMT" time="92.897" errors="0">
  <testcase name="verifylogin" time="7.231" classname="june18.Using_crossbrowser"/>
  <testcase name="verifylogin" time="5.089" classname="june18.Using_crossbrowser"/>
  <testcase name="verifylogin" time="7.54" classname="june18.Using_crossbrowser"/>
  <testcase name="verifylogin" time="5.713" classname="june18.Using_crossbrowser"/>
  <testcase name="verifylogin" time="5.347" classname="june18.Using_crossbrowser"/>
</testsuite> <!-- firefoxbrowser -->
